  Source.cpp
  Bishop.cpp
\Downloads\drive-download-20241222T201814Z-001\Source.cpp(1,1): error C1083: Cannot open source file: '..\..\..\..\Downloads\drive-download-20241222T201814Z-001\Source.cpp': No such file or directory
  (compiling source file '/Downloads/drive-download-20241222T201814Z-001/Source.cpp')
  
C:\mag\ekro\check_mate\Project_chess\Project_chess\Rook.h(4,10): warning C4067: unexpected tokens following preprocessor directive - expected a newline
  (compiling source file 'Bishop.cpp')
  
C:\mag\ekro\check_mate\Project_chess\Project_chess\Rook.h(6,21): error C2504: 'piece': base class undefined
  (compiling source file 'Bishop.cpp')
  
C:\mag\ekro\check_mate\Project_chess\Project_chess\Rook.h(12,6): error C3668: 'Rook::check_Valid': method with override specifier 'override' did not override any base class methods
  (compiling source file 'Bishop.cpp')
  
  board.cpp
C:\mag\ekro\check_mate\Project_chess\Project_chess\Rook.h(4,10): warning C4067: unexpected tokens following preprocessor directive - expected a newline
  (compiling source file 'board.cpp')
  
C:\mag\ekro\check_mate\Project_chess\Project_chess\Rook.h(6,21): error C2504: 'piece': base class undefined
  (compiling source file 'board.cpp')
  
C:\mag\ekro\check_mate\Project_chess\Project_chess\Rook.h(12,6): error C3668: 'Rook::check_Valid': method with override specifier 'override' did not override any base class methods
  (compiling source file 'board.cpp')
  
  King.cpp
C:\mag\ekro\check_mate\Project_chess\Project_chess\Rook.h(4,10): warning C4067: unexpected tokens following preprocessor directive - expected a newline
  (compiling source file 'King.cpp')
  
C:\mag\ekro\check_mate\Project_chess\Project_chess\Rook.h(6,21): error C2504: 'piece': base class undefined
  (compiling source file 'King.cpp')
  
C:\mag\ekro\check_mate\Project_chess\Project_chess\Rook.h(12,6): error C3668: 'Rook::check_Valid': method with override specifier 'override' did not override any base class methods
  (compiling source file 'King.cpp')
  
  Knight.cpp
C:\mag\ekro\check_mate\Project_chess\Project_chess\Rook.h(4,10): warning C4067: unexpected tokens following preprocessor directive - expected a newline
  (compiling source file 'Knight.cpp')
  
C:\mag\ekro\check_mate\Project_chess\Project_chess\Rook.h(6,21): error C2504: 'piece': base class undefined
  (compiling source file 'Knight.cpp')
  
C:\mag\ekro\check_mate\Project_chess\Project_chess\Rook.h(12,6): error C3668: 'Rook::check_Valid': method with override specifier 'override' did not override any base class methods
  (compiling source file 'Knight.cpp')
  
  Pawn.cpp
C:\mag\ekro\check_mate\Project_chess\Project_chess\Rook.h(4,10): warning C4067: unexpected tokens following preprocessor directive - expected a newline
  (compiling source file 'Pawn.cpp')
  
C:\mag\ekro\check_mate\Project_chess\Project_chess\Rook.h(6,21): error C2504: 'piece': base class undefined
  (compiling source file 'Pawn.cpp')
  
C:\mag\ekro\check_mate\Project_chess\Project_chess\Rook.h(12,6): error C3668: 'Rook::check_Valid': method with override specifier 'override' did not override any base class methods
  (compiling source file 'Pawn.cpp')
  
  piece.cpp
C:\mag\ekro\check_mate\Project_chess\Project_chess\Rook.h(4,10): warning C4067: unexpected tokens following preprocessor directive - expected a newline
  (compiling source file 'piece.cpp')
  
C:\mag\ekro\check_mate\Project_chess\Project_chess\Rook.h(6,21): error C2504: 'piece': base class undefined
  (compiling source file 'piece.cpp')
  
C:\mag\ekro\check_mate\Project_chess\Project_chess\Rook.h(12,6): error C3668: 'Rook::check_Valid': method with override specifier 'override' did not override any base class methods
  (compiling source file 'piece.cpp')
  
  Queen.cpp
C:\mag\ekro\check_mate\Project_chess\Project_chess\Rook.h(4,10): warning C4067: unexpected tokens following preprocessor directive - expected a newline
  (compiling source file 'Queen.cpp')
  
C:\mag\ekro\check_mate\Project_chess\Project_chess\Rook.h(6,21): error C2504: 'piece': base class undefined
  (compiling source file 'Queen.cpp')
  
C:\mag\ekro\check_mate\Project_chess\Project_chess\Rook.h(12,6): error C3668: 'Rook::check_Valid': method with override specifier 'override' did not override any base class methods
  (compiling source file 'Queen.cpp')
  
  Rook.cpp
C:\mag\ekro\check_mate\Project_chess\Project_chess\Rook.h(4,10): warning C4067: unexpected tokens following preprocessor directive - expected a newline
  (compiling source file 'Rook.cpp')
  
  Generating Code...
